CRITICAL - 2021-05-23 05:56:18 --> syntax error, unexpected '1' (T_LNUMBER), expecting variable (T_VARIABLE) or '{' or '$'
#0 C:\Users\11\Documents\GitHub\dropship\system\Common.php(1119): CodeIgniter\View\View->render('admin/users.php', Array, true)
#1 C:\Users\11\Documents\GitHub\dropship\app\Controllers\BaseController.php(48): view('admin/users.php', Array)
#2 C:\Users\11\Documents\GitHub\dropship\app\Controllers\Admin\Users.php(11): App\Controllers\BaseController->display('admin/users.php')
#3 C:\Users\11\Documents\GitHub\dropship\system\CodeIgniter.php(918): App\Controllers\Admin\Users->index()
#4 C:\Users\11\Documents\GitHub\dropship\system\CodeIgniter.php(404): CodeIgniter\CodeIgniter->runController(Object(App\Controllers\Admin\Users))
#5 C:\Users\11\Documents\GitHub\dropship\system\CodeIgniter.php(312): CodeIgniter\CodeIgniter->handleRequest(NULL, Object(Config\Cache), false)
#6 C:\Users\11\Documents\GitHub\dropship\public\index.php(45): CodeIgniter\CodeIgniter->run()
#7 C:\Users\11\Documents\GitHub\dropship\system\Commands\Server\rewrite.php(34): require_once('C:\\Users\\11\\Doc...')
#8 {main}
CRITICAL - 2021-05-23 08:30:34 --> Class 'App\Models\CodeIgniter\Model' not found
#0 /home/mkalister/Документы/php/dropship/system/Autoloader/Autoloader.php(365): require_once()
#1 /home/mkalister/Документы/php/dropship/system/Autoloader/Autoloader.php(296): CodeIgniter\Autoloader\Autoloader->requireFile()
#2 /home/mkalister/Документы/php/dropship/system/Autoloader/Autoloader.php(258): CodeIgniter\Autoloader\Autoloader->loadInNamespace()
#3 [internal function]: CodeIgniter\Autoloader\Autoloader->loadClass()
#4 /home/mkalister/Документы/php/dropship/app/Controllers/Settings.php(6): spl_autoload_call()
#5 /home/mkalister/Документы/php/dropship/system/CodeIgniter.php(918): App\Controllers\Settings->index()
#6 /home/mkalister/Документы/php/dropship/system/CodeIgniter.php(404): CodeIgniter\CodeIgniter->runController()
#7 /home/mkalister/Документы/php/dropship/system/CodeIgniter.php(312): CodeIgniter\CodeIgniter->handleRequest()
#8 /home/mkalister/Документы/php/dropship/public/index.php(45): CodeIgniter\CodeIgniter->run()
#9 /home/mkalister/Документы/php/dropship/system/Commands/Server/rewrite.php(34): require_once('/home/mkalister...')
#10 {main}
CRITICAL - 2021-05-23 08:32:14 --> Class 'App\Models\CodeIgniter\Model' not found
#0 /home/mkalister/Документы/php/dropship/system/Autoloader/Autoloader.php(365): require_once()
#1 /home/mkalister/Документы/php/dropship/system/Autoloader/Autoloader.php(296): CodeIgniter\Autoloader\Autoloader->requireFile()
#2 /home/mkalister/Документы/php/dropship/system/Autoloader/Autoloader.php(258): CodeIgniter\Autoloader\Autoloader->loadInNamespace()
#3 [internal function]: CodeIgniter\Autoloader\Autoloader->loadClass()
#4 /home/mkalister/Документы/php/dropship/app/Controllers/Settings.php(6): spl_autoload_call()
#5 /home/mkalister/Документы/php/dropship/system/CodeIgniter.php(918): App\Controllers\Settings->index()
#6 /home/mkalister/Документы/php/dropship/system/CodeIgniter.php(404): CodeIgniter\CodeIgniter->runController()
#7 /home/mkalister/Документы/php/dropship/system/CodeIgniter.php(312): CodeIgniter\CodeIgniter->handleRequest()
#8 /home/mkalister/Документы/php/dropship/public/index.php(45): CodeIgniter\CodeIgniter->run()
#9 /home/mkalister/Документы/php/dropship/system/Commands/Server/rewrite.php(34): require_once('/home/mkalister...')
#10 {main}
CRITICAL - 2021-05-23 08:32:58 --> Class 'App\Models\CodeIgniter\Model' not found
#0 /home/mkalister/Документы/php/dropship/system/Autoloader/Autoloader.php(365): require_once()
#1 /home/mkalister/Документы/php/dropship/system/Autoloader/Autoloader.php(296): CodeIgniter\Autoloader\Autoloader->requireFile()
#2 /home/mkalister/Документы/php/dropship/system/Autoloader/Autoloader.php(258): CodeIgniter\Autoloader\Autoloader->loadInNamespace()
#3 [internal function]: CodeIgniter\Autoloader\Autoloader->loadClass()
#4 /home/mkalister/Документы/php/dropship/app/Controllers/Settings.php(6): spl_autoload_call()
#5 /home/mkalister/Документы/php/dropship/system/CodeIgniter.php(918): App\Controllers\Settings->index()
#6 /home/mkalister/Документы/php/dropship/system/CodeIgniter.php(404): CodeIgniter\CodeIgniter->runController()
#7 /home/mkalister/Документы/php/dropship/system/CodeIgniter.php(312): CodeIgniter\CodeIgniter->handleRequest()
#8 /home/mkalister/Документы/php/dropship/public/index.php(45): CodeIgniter\CodeIgniter->run()
#9 /home/mkalister/Документы/php/dropship/system/Commands/Server/rewrite.php(34): require_once('/home/mkalister...')
#10 {main}
CRITICAL - 2021-05-23 08:34:09 --> Class 'App\Models\CodeIgniter\Model' not found
#0 /home/mkalister/Документы/php/dropship/system/Autoloader/Autoloader.php(365): require_once()
#1 /home/mkalister/Документы/php/dropship/system/Autoloader/Autoloader.php(296): CodeIgniter\Autoloader\Autoloader->requireFile()
#2 /home/mkalister/Документы/php/dropship/system/Autoloader/Autoloader.php(258): CodeIgniter\Autoloader\Autoloader->loadInNamespace()
#3 [internal function]: CodeIgniter\Autoloader\Autoloader->loadClass()
#4 /home/mkalister/Документы/php/dropship/app/Controllers/Settings.php(6): spl_autoload_call()
#5 /home/mkalister/Документы/php/dropship/system/CodeIgniter.php(918): App\Controllers\Settings->index()
#6 /home/mkalister/Документы/php/dropship/system/CodeIgniter.php(404): CodeIgniter\CodeIgniter->runController()
#7 /home/mkalister/Документы/php/dropship/system/CodeIgniter.php(312): CodeIgniter\CodeIgniter->handleRequest()
#8 /home/mkalister/Документы/php/dropship/public/index.php(45): CodeIgniter\CodeIgniter->run()
#9 /home/mkalister/Документы/php/dropship/system/Commands/Server/rewrite.php(34): require_once('/home/mkalister...')
#10 {main}
CRITICAL - 2021-05-23 08:34:10 --> Class 'App\Models\CodeIgniter\Model' not found
#0 /home/mkalister/Документы/php/dropship/system/Autoloader/Autoloader.php(365): require_once()
#1 /home/mkalister/Документы/php/dropship/system/Autoloader/Autoloader.php(296): CodeIgniter\Autoloader\Autoloader->requireFile()
#2 /home/mkalister/Документы/php/dropship/system/Autoloader/Autoloader.php(258): CodeIgniter\Autoloader\Autoloader->loadInNamespace()
#3 [internal function]: CodeIgniter\Autoloader\Autoloader->loadClass()
#4 /home/mkalister/Документы/php/dropship/app/Controllers/Settings.php(6): spl_autoload_call()
#5 /home/mkalister/Документы/php/dropship/system/CodeIgniter.php(918): App\Controllers\Settings->index()
#6 /home/mkalister/Документы/php/dropship/system/CodeIgniter.php(404): CodeIgniter\CodeIgniter->runController()
#7 /home/mkalister/Документы/php/dropship/system/CodeIgniter.php(312): CodeIgniter\CodeIgniter->handleRequest()
#8 /home/mkalister/Документы/php/dropship/public/index.php(45): CodeIgniter\CodeIgniter->run()
#9 /home/mkalister/Документы/php/dropship/system/Commands/Server/rewrite.php(34): require_once('/home/mkalister...')
#10 {main}
CRITICAL - 2021-05-23 09:19:15 --> Argument 2 passed to CodeIgniter\Model::insert() must be of the type bool, array given, called in /home/mkalister/Документы/php/dropship/app/Models/ApiKey.php on line 21
#0 /home/mkalister/Документы/php/dropship/app/Models/ApiKey.php(21): CodeIgniter\Model->insert()
#1 /home/mkalister/Документы/php/dropship/app/Controllers/Settings.php(12): App\Models\ApiKey->regenerate()
#2 /home/mkalister/Документы/php/dropship/system/CodeIgniter.php(918): App\Controllers\Settings->create_key()
#3 /home/mkalister/Документы/php/dropship/system/CodeIgniter.php(404): CodeIgniter\CodeIgniter->runController()
#4 /home/mkalister/Документы/php/dropship/system/CodeIgniter.php(312): CodeIgniter\CodeIgniter->handleRequest()
#5 /home/mkalister/Документы/php/dropship/public/index.php(45): CodeIgniter\CodeIgniter->run()
#6 /home/mkalister/Документы/php/dropship/system/Commands/Server/rewrite.php(34): require_once('/home/mkalister...')
#7 {main}
CRITICAL - 2021-05-23 09:22:19 --> Object of class CodeIgniter\Database\MySQLi\Result could not be converted to string
#0 /home/mkalister/Документы/php/dropship/system/CodeIgniter.php(918): App\Controllers\Settings->create_key()
#1 /home/mkalister/Документы/php/dropship/system/CodeIgniter.php(404): CodeIgniter\CodeIgniter->runController()
#2 /home/mkalister/Документы/php/dropship/system/CodeIgniter.php(312): CodeIgniter\CodeIgniter->handleRequest()
#3 /home/mkalister/Документы/php/dropship/public/index.php(45): CodeIgniter\CodeIgniter->run()
#4 /home/mkalister/Документы/php/dropship/system/Commands/Server/rewrite.php(34): require_once('/home/mkalister...')
#5 {main}
CRITICAL - 2021-05-23 09:33:19 --> Call to undefined method CodeIgniter\Database\MySQLi\Result::row_array()
#0 /home/mkalister/Документы/php/dropship/app/Controllers/Settings.php(13): App\Models\ApiKey->get_by_user()
#1 /home/mkalister/Документы/php/dropship/system/CodeIgniter.php(918): App\Controllers\Settings->create_key()
#2 /home/mkalister/Документы/php/dropship/system/CodeIgniter.php(404): CodeIgniter\CodeIgniter->runController()
#3 /home/mkalister/Документы/php/dropship/system/CodeIgniter.php(312): CodeIgniter\CodeIgniter->handleRequest()
#4 /home/mkalister/Документы/php/dropship/public/index.php(45): CodeIgniter\CodeIgniter->run()
#5 /home/mkalister/Документы/php/dropship/system/Commands/Server/rewrite.php(34): require_once('/home/mkalister...')
#6 {main}
CRITICAL - 2021-05-23 09:33:41 --> Call to undefined method CodeIgniter\Database\MySQLi\Result::rowObject()
#0 /home/mkalister/Документы/php/dropship/app/Controllers/Settings.php(13): App\Models\ApiKey->get_by_user()
#1 /home/mkalister/Документы/php/dropship/system/CodeIgniter.php(918): App\Controllers\Settings->create_key()
#2 /home/mkalister/Документы/php/dropship/system/CodeIgniter.php(404): CodeIgniter\CodeIgniter->runController()
#3 /home/mkalister/Документы/php/dropship/system/CodeIgniter.php(312): CodeIgniter\CodeIgniter->handleRequest()
#4 /home/mkalister/Документы/php/dropship/public/index.php(45): CodeIgniter\CodeIgniter->run()
#5 /home/mkalister/Документы/php/dropship/system/Commands/Server/rewrite.php(34): require_once('/home/mkalister...')
#6 {main}
CRITICAL - 2021-05-23 09:42:45 --> Object of class stdClass could not be converted to string
#0 /home/mkalister/Документы/php/dropship/system/View/View.php(246): include()
#1 /home/mkalister/Документы/php/dropship/system/Common.php(1119): CodeIgniter\View\View->render()
#2 /home/mkalister/Документы/php/dropship/app/Controllers/BaseController.php(49): view()
#3 /home/mkalister/Документы/php/dropship/app/Controllers/Settings.php(8): App\Controllers\BaseController->display()
#4 /home/mkalister/Документы/php/dropship/system/CodeIgniter.php(918): App\Controllers\Settings->index()
#5 /home/mkalister/Документы/php/dropship/system/CodeIgniter.php(404): CodeIgniter\CodeIgniter->runController()
#6 /home/mkalister/Документы/php/dropship/system/CodeIgniter.php(312): CodeIgniter\CodeIgniter->handleRequest()
#7 /home/mkalister/Документы/php/dropship/public/index.php(45): CodeIgniter\CodeIgniter->run()
#8 /home/mkalister/Документы/php/dropship/system/Commands/Server/rewrite.php(34): require_once('/home/mkalister...')
#9 {main}
