INFO - 2021-05-27 07:59:50 --> Session: Class initialized using 'CodeIgniter\Session\Handlers\FileHandler' driver.
INFO - 2021-05-27 08:00:18 --> Session: Class initialized using 'CodeIgniter\Session\Handlers\FileHandler' driver.
INFO - 2021-05-27 08:00:23 --> Session: Class initialized using 'CodeIgniter\Session\Handlers\FileHandler' driver.
INFO - 2021-05-27 08:00:28 --> Session: Class initialized using 'CodeIgniter\Session\Handlers\FileHandler' driver.
INFO - 2021-05-27 08:00:30 --> Session: Class initialized using 'CodeIgniter\Session\Handlers\FileHandler' driver.
CRITICAL - 2021-05-27 08:00:30 --> Argument 1 passed to App\Models\ApiKey::get_by_user() must be of the type int, null given, called in C:\Users\11\Documents\GitHub\dropship\app\Controllers\Settings.php on line 7
#0 C:\Users\11\Documents\GitHub\dropship\app\Controllers\Settings.php(7): App\Models\ApiKey->get_by_user(NULL)
#1 C:\Users\11\Documents\GitHub\dropship\system\CodeIgniter.php(918): App\Controllers\Settings->index()
#2 C:\Users\11\Documents\GitHub\dropship\system\CodeIgniter.php(404): CodeIgniter\CodeIgniter->runController(Object(App\Controllers\Settings))
#3 C:\Users\11\Documents\GitHub\dropship\system\CodeIgniter.php(312): CodeIgniter\CodeIgniter->handleRequest(NULL, Object(Config\Cache), false)
#4 C:\Users\11\Documents\GitHub\dropship\public\index.php(45): CodeIgniter\CodeIgniter->run()
#5 C:\Users\11\Documents\GitHub\dropship\system\Commands\Server\rewrite.php(34): require_once('C:\\Users\\11\\Doc...')
#6 {main}
INFO - 2021-05-27 08:00:32 --> Session: Class initialized using 'CodeIgniter\Session\Handlers\FileHandler' driver.
INFO - 2021-05-27 08:00:34 --> Session: Class initialized using 'CodeIgniter\Session\Handlers\FileHandler' driver.
INFO - 2021-05-27 08:01:09 --> Session: Class initialized using 'CodeIgniter\Session\Handlers\FileHandler' driver.
INFO - 2021-05-27 08:02:18 --> Session: Class initialized using 'CodeIgniter\Session\Handlers\FileHandler' driver.
CRITICAL - 2021-05-27 08:02:18 --> Argument 1 passed to App\Models\ApiKey::get_by_user() must be of the type int, null given, called in C:\Users\11\Documents\GitHub\dropship\app\Controllers\Settings.php on line 7
#0 C:\Users\11\Documents\GitHub\dropship\app\Controllers\Settings.php(7): App\Models\ApiKey->get_by_user(NULL)
#1 C:\Users\11\Documents\GitHub\dropship\system\CodeIgniter.php(918): App\Controllers\Settings->index()
#2 C:\Users\11\Documents\GitHub\dropship\system\CodeIgniter.php(404): CodeIgniter\CodeIgniter->runController(Object(App\Controllers\Settings))
#3 C:\Users\11\Documents\GitHub\dropship\system\CodeIgniter.php(312): CodeIgniter\CodeIgniter->handleRequest(NULL, Object(Config\Cache), false)
#4 C:\Users\11\Documents\GitHub\dropship\public\index.php(45): CodeIgniter\CodeIgniter->run()
#5 C:\Users\11\Documents\GitHub\dropship\system\Commands\Server\rewrite.php(34): require_once('C:\\Users\\11\\Doc...')
#6 {main}
INFO - 2021-05-27 08:02:18 --> Session: Class initialized using 'CodeIgniter\Session\Handlers\FileHandler' driver.
INFO - 2021-05-27 08:02:20 --> Session: Class initialized using 'CodeIgniter\Session\Handlers\FileHandler' driver.
INFO - 2021-05-27 08:02:28 --> Session: Class initialized using 'CodeIgniter\Session\Handlers\FileHandler' driver.
INFO - 2021-05-27 08:02:47 --> Session: Class initialized using 'CodeIgniter\Session\Handlers\FileHandler' driver.
INFO - 2021-05-27 08:02:49 --> Session: Class initialized using 'CodeIgniter\Session\Handlers\FileHandler' driver.
INFO - 2021-05-27 08:03:34 --> Session: Class initialized using 'CodeIgniter\Session\Handlers\FileHandler' driver.
INFO - 2021-05-27 08:03:35 --> Session: Class initialized using 'CodeIgniter\Session\Handlers\FileHandler' driver.
INFO - 2021-05-27 08:03:37 --> Session: Class initialized using 'CodeIgniter\Session\Handlers\FileHandler' driver.
INFO - 2021-05-27 08:03:40 --> Session: Class initialized using 'CodeIgniter\Session\Handlers\FileHandler' driver.
INFO - 2021-05-27 08:03:42 --> Session: Class initialized using 'CodeIgniter\Session\Handlers\FileHandler' driver.
INFO - 2021-05-27 09:33:09 --> Session: Class initialized using 'CodeIgniter\Session\Handlers\FileHandler' driver.
INFO - 2021-05-27 10:49:17 --> Session: Class initialized using 'CodeIgniter\Session\Handlers\FileHandler' driver.
INFO - 2021-05-27 10:50:59 --> Session: Class initialized using 'CodeIgniter\Session\Handlers\FileHandler' driver.
INFO - 2021-05-27 10:51:09 --> Session: Class initialized using 'CodeIgniter\Session\Handlers\FileHandler' driver.
INFO - 2021-05-27 10:52:56 --> Session: Class initialized using 'CodeIgniter\Session\Handlers\FileHandler' driver.
INFO - 2021-05-27 10:53:29 --> Session: Class initialized using 'CodeIgniter\Session\Handlers\FileHandler' driver.
INFO - 2021-05-27 10:53:48 --> Session: Class initialized using 'CodeIgniter\Session\Handlers\FileHandler' driver.
INFO - 2021-05-27 10:53:58 --> Session: Class initialized using 'CodeIgniter\Session\Handlers\FileHandler' driver.
INFO - 2021-05-27 10:54:08 --> Session: Class initialized using 'CodeIgniter\Session\Handlers\FileHandler' driver.
INFO - 2021-05-27 10:54:18 --> Session: Class initialized using 'CodeIgniter\Session\Handlers\FileHandler' driver.
INFO - 2021-05-27 10:54:39 --> Session: Class initialized using 'CodeIgniter\Session\Handlers\FileHandler' driver.
INFO - 2021-05-27 10:55:27 --> Session: Class initialized using 'CodeIgniter\Session\Handlers\FileHandler' driver.
INFO - 2021-05-27 10:56:54 --> Session: Class initialized using 'CodeIgniter\Session\Handlers\FileHandler' driver.
INFO - 2021-05-27 10:57:14 --> Session: Class initialized using 'CodeIgniter\Session\Handlers\FileHandler' driver.
INFO - 2021-05-27 10:57:22 --> Session: Class initialized using 'CodeIgniter\Session\Handlers\FileHandler' driver.
INFO - 2021-05-27 10:58:28 --> Session: Class initialized using 'CodeIgniter\Session\Handlers\FileHandler' driver.
INFO - 2021-05-27 10:58:50 --> Session: Class initialized using 'CodeIgniter\Session\Handlers\FileHandler' driver.
INFO - 2021-05-27 10:59:05 --> Session: Class initialized using 'CodeIgniter\Session\Handlers\FileHandler' driver.
INFO - 2021-05-27 10:59:20 --> Session: Class initialized using 'CodeIgniter\Session\Handlers\FileHandler' driver.
INFO - 2021-05-27 11:00:03 --> Session: Class initialized using 'CodeIgniter\Session\Handlers\FileHandler' driver.
INFO - 2021-05-27 11:00:11 --> Session: Class initialized using 'CodeIgniter\Session\Handlers\FileHandler' driver.
INFO - 2021-05-27 11:00:50 --> Session: Class initialized using 'CodeIgniter\Session\Handlers\FileHandler' driver.
INFO - 2021-05-27 11:00:57 --> Session: Class initialized using 'CodeIgniter\Session\Handlers\FileHandler' driver.
INFO - 2021-05-27 11:00:59 --> Session: Class initialized using 'CodeIgniter\Session\Handlers\FileHandler' driver.
CRITICAL - 2021-05-27 11:00:59 --> Argument 1 passed to App\Models\ApiKey::get_by_user() must be of the type int, null given, called in C:\Users\11\Documents\GitHub\dropship\app\Controllers\Settings.php on line 7
#0 C:\Users\11\Documents\GitHub\dropship\app\Controllers\Settings.php(7): App\Models\ApiKey->get_by_user(NULL)
#1 C:\Users\11\Documents\GitHub\dropship\system\CodeIgniter.php(918): App\Controllers\Settings->index()
#2 C:\Users\11\Documents\GitHub\dropship\system\CodeIgniter.php(404): CodeIgniter\CodeIgniter->runController(Object(App\Controllers\Settings))
#3 C:\Users\11\Documents\GitHub\dropship\system\CodeIgniter.php(312): CodeIgniter\CodeIgniter->handleRequest(NULL, Object(Config\Cache), false)
#4 C:\Users\11\Documents\GitHub\dropship\public\index.php(45): CodeIgniter\CodeIgniter->run()
#5 C:\Users\11\Documents\GitHub\dropship\system\Commands\Server\rewrite.php(34): require_once('C:\\Users\\11\\Doc...')
#6 {main}
INFO - 2021-05-27 11:01:01 --> Session: Class initialized using 'CodeIgniter\Session\Handlers\FileHandler' driver.
INFO - 2021-05-27 11:01:02 --> Session: Class initialized using 'CodeIgniter\Session\Handlers\FileHandler' driver.
INFO - 2021-05-27 11:01:04 --> Session: Class initialized using 'CodeIgniter\Session\Handlers\FileHandler' driver.
INFO - 2021-05-27 11:01:07 --> Session: Class initialized using 'CodeIgniter\Session\Handlers\FileHandler' driver.
INFO - 2021-05-27 11:01:09 --> Session: Class initialized using 'CodeIgniter\Session\Handlers\FileHandler' driver.
INFO - 2021-05-27 11:01:43 --> Session: Class initialized using 'CodeIgniter\Session\Handlers\FileHandler' driver.
INFO - 2021-05-27 11:02:25 --> Session: Class initialized using 'CodeIgniter\Session\Handlers\FileHandler' driver.
INFO - 2021-05-27 11:03:48 --> Session: Class initialized using 'CodeIgniter\Session\Handlers\FileHandler' driver.
INFO - 2021-05-27 11:05:02 --> Session: Class initialized using 'CodeIgniter\Session\Handlers\FileHandler' driver.
INFO - 2021-05-27 11:05:59 --> Session: Class initialized using 'CodeIgniter\Session\Handlers\FileHandler' driver.
INFO - 2021-05-27 11:06:57 --> Session: Class initialized using 'CodeIgniter\Session\Handlers\FileHandler' driver.
INFO - 2021-05-27 11:11:24 --> Session: Class initialized using 'CodeIgniter\Session\Handlers\FileHandler' driver.
CRITICAL - 2021-05-27 11:11:24 --> Argument 1 passed to App\Models\ApiKey::get_by_user() must be of the type int, null given, called in C:\Users\11\Documents\GitHub\dropship\app\Controllers\Settings.php on line 7
#0 C:\Users\11\Documents\GitHub\dropship\app\Controllers\Settings.php(7): App\Models\ApiKey->get_by_user(NULL)
#1 C:\Users\11\Documents\GitHub\dropship\system\CodeIgniter.php(918): App\Controllers\Settings->index()
#2 C:\Users\11\Documents\GitHub\dropship\system\CodeIgniter.php(404): CodeIgniter\CodeIgniter->runController(Object(App\Controllers\Settings))
#3 C:\Users\11\Documents\GitHub\dropship\system\CodeIgniter.php(312): CodeIgniter\CodeIgniter->handleRequest(NULL, Object(Config\Cache), false)
#4 C:\Users\11\Documents\GitHub\dropship\public\index.php(45): CodeIgniter\CodeIgniter->run()
#5 C:\Users\11\Documents\GitHub\dropship\system\Commands\Server\rewrite.php(34): require_once('C:\\Users\\11\\Doc...')
#6 {main}
INFO - 2021-05-27 11:11:25 --> Session: Class initialized using 'CodeIgniter\Session\Handlers\FileHandler' driver.
INFO - 2021-05-27 11:11:27 --> Session: Class initialized using 'CodeIgniter\Session\Handlers\FileHandler' driver.
INFO - 2021-05-27 11:11:30 --> Session: Class initialized using 'CodeIgniter\Session\Handlers\FileHandler' driver.
INFO - 2021-05-27 11:14:06 --> Session: Class initialized using 'CodeIgniter\Session\Handlers\FileHandler' driver.
INFO - 2021-05-27 11:14:48 --> Session: Class initialized using 'CodeIgniter\Session\Handlers\FileHandler' driver.
INFO - 2021-05-27 11:15:15 --> Session: Class initialized using 'CodeIgniter\Session\Handlers\FileHandler' driver.
INFO - 2021-05-27 11:16:24 --> Session: Class initialized using 'CodeIgniter\Session\Handlers\FileHandler' driver.
INFO - 2021-05-27 11:17:13 --> Session: Class initialized using 'CodeIgniter\Session\Handlers\FileHandler' driver.
INFO - 2021-05-27 11:19:37 --> Session: Class initialized using 'CodeIgniter\Session\Handlers\FileHandler' driver.
INFO - 2021-05-27 11:21:53 --> Session: Class initialized using 'CodeIgniter\Session\Handlers\FileHandler' driver.
INFO - 2021-05-27 11:22:46 --> Session: Class initialized using 'CodeIgniter\Session\Handlers\FileHandler' driver.
INFO - 2021-05-27 11:23:54 --> Session: Class initialized using 'CodeIgniter\Session\Handlers\FileHandler' driver.
INFO - 2021-05-27 11:24:08 --> Session: Class initialized using 'CodeIgniter\Session\Handlers\FileHandler' driver.
INFO - 2021-05-27 11:25:24 --> Session: Class initialized using 'CodeIgniter\Session\Handlers\FileHandler' driver.
INFO - 2021-05-27 11:28:47 --> Session: Class initialized using 'CodeIgniter\Session\Handlers\FileHandler' driver.
INFO - 2021-05-27 11:31:19 --> Session: Class initialized using 'CodeIgniter\Session\Handlers\FileHandler' driver.
INFO - 2021-05-27 11:31:41 --> Session: Class initialized using 'CodeIgniter\Session\Handlers\FileHandler' driver.
INFO - 2021-05-27 11:32:01 --> Session: Class initialized using 'CodeIgniter\Session\Handlers\FileHandler' driver.
INFO - 2021-05-27 11:32:16 --> Session: Class initialized using 'CodeIgniter\Session\Handlers\FileHandler' driver.
INFO - 2021-05-27 11:32:33 --> Session: Class initialized using 'CodeIgniter\Session\Handlers\FileHandler' driver.
INFO - 2021-05-27 11:32:43 --> Session: Class initialized using 'CodeIgniter\Session\Handlers\FileHandler' driver.
INFO - 2021-05-27 11:34:47 --> Session: Class initialized using 'CodeIgniter\Session\Handlers\FileHandler' driver.
INFO - 2021-05-27 11:35:06 --> Session: Class initialized using 'CodeIgniter\Session\Handlers\FileHandler' driver.
INFO - 2021-05-27 11:35:30 --> Session: Class initialized using 'CodeIgniter\Session\Handlers\FileHandler' driver.
INFO - 2021-05-27 11:35:44 --> Session: Class initialized using 'CodeIgniter\Session\Handlers\FileHandler' driver.
INFO - 2021-05-27 11:35:52 --> Session: Class initialized using 'CodeIgniter\Session\Handlers\FileHandler' driver.
INFO - 2021-05-27 11:36:28 --> Session: Class initialized using 'CodeIgniter\Session\Handlers\FileHandler' driver.
INFO - 2021-05-27 11:37:53 --> Session: Class initialized using 'CodeIgniter\Session\Handlers\FileHandler' driver.
INFO - 2021-05-27 11:38:22 --> Session: Class initialized using 'CodeIgniter\Session\Handlers\FileHandler' driver.
INFO - 2021-05-27 11:39:14 --> Session: Class initialized using 'CodeIgniter\Session\Handlers\FileHandler' driver.
INFO - 2021-05-27 11:39:31 --> Session: Class initialized using 'CodeIgniter\Session\Handlers\FileHandler' driver.
INFO - 2021-05-27 11:41:00 --> Session: Class initialized using 'CodeIgniter\Session\Handlers\FileHandler' driver.
INFO - 2021-05-27 11:52:27 --> Session: Class initialized using 'CodeIgniter\Session\Handlers\FileHandler' driver.
INFO - 2021-05-27 11:52:31 --> Session: Class initialized using 'CodeIgniter\Session\Handlers\FileHandler' driver.
INFO - 2021-05-27 11:59:12 --> Session: Class initialized using 'CodeIgniter\Session\Handlers\FileHandler' driver.
CRITICAL - 2021-05-27 11:59:12 --> Argument 1 passed to App\Models\ApiKey::get_by_user() must be of the type int, null given, called in C:\Users\11\Documents\GitHub\dropship\app\Controllers\Settings.php on line 7
#0 C:\Users\11\Documents\GitHub\dropship\app\Controllers\Settings.php(7): App\Models\ApiKey->get_by_user(NULL)
#1 C:\Users\11\Documents\GitHub\dropship\system\CodeIgniter.php(918): App\Controllers\Settings->index()
#2 C:\Users\11\Documents\GitHub\dropship\system\CodeIgniter.php(404): CodeIgniter\CodeIgniter->runController(Object(App\Controllers\Settings))
#3 C:\Users\11\Documents\GitHub\dropship\system\CodeIgniter.php(312): CodeIgniter\CodeIgniter->handleRequest(NULL, Object(Config\Cache), false)
#4 C:\Users\11\Documents\GitHub\dropship\public\index.php(45): CodeIgniter\CodeIgniter->run()
#5 C:\Users\11\Documents\GitHub\dropship\system\Commands\Server\rewrite.php(34): require_once('C:\\Users\\11\\Doc...')
#6 {main}
INFO - 2021-05-27 11:59:13 --> Session: Class initialized using 'CodeIgniter\Session\Handlers\FileHandler' driver.
INFO - 2021-05-27 11:59:50 --> Session: Class initialized using 'CodeIgniter\Session\Handlers\FileHandler' driver.
INFO - 2021-05-27 11:59:52 --> Session: Class initialized using 'CodeIgniter\Session\Handlers\FileHandler' driver.
INFO - 2021-05-27 11:59:54 --> Session: Class initialized using 'CodeIgniter\Session\Handlers\FileHandler' driver.
INFO - 2021-05-27 12:01:43 --> Session: Class initialized using 'CodeIgniter\Session\Handlers\FileHandler' driver.
INFO - 2021-05-27 12:01:55 --> Session: Class initialized using 'CodeIgniter\Session\Handlers\FileHandler' driver.
INFO - 2021-05-27 12:02:39 --> Session: Class initialized using 'CodeIgniter\Session\Handlers\FileHandler' driver.
INFO - 2021-05-27 12:03:07 --> Session: Class initialized using 'CodeIgniter\Session\Handlers\FileHandler' driver.
INFO - 2021-05-27 12:03:30 --> Session: Class initialized using 'CodeIgniter\Session\Handlers\FileHandler' driver.
INFO - 2021-05-27 12:04:26 --> Session: Class initialized using 'CodeIgniter\Session\Handlers\FileHandler' driver.
INFO - 2021-05-27 12:04:42 --> Session: Class initialized using 'CodeIgniter\Session\Handlers\FileHandler' driver.
INFO - 2021-05-27 12:04:54 --> Session: Class initialized using 'CodeIgniter\Session\Handlers\FileHandler' driver.
INFO - 2021-05-27 12:04:59 --> Session: Class initialized using 'CodeIgniter\Session\Handlers\FileHandler' driver.
CRITICAL - 2021-05-27 12:04:59 --> Argument 1 passed to App\Models\ApiKey::get_by_user() must be of the type int, null given, called in C:\Users\11\Documents\GitHub\dropship\app\Controllers\Settings.php on line 7
#0 C:\Users\11\Documents\GitHub\dropship\app\Controllers\Settings.php(7): App\Models\ApiKey->get_by_user(NULL)
#1 C:\Users\11\Documents\GitHub\dropship\system\CodeIgniter.php(918): App\Controllers\Settings->index()
#2 C:\Users\11\Documents\GitHub\dropship\system\CodeIgniter.php(404): CodeIgniter\CodeIgniter->runController(Object(App\Controllers\Settings))
#3 C:\Users\11\Documents\GitHub\dropship\system\CodeIgniter.php(312): CodeIgniter\CodeIgniter->handleRequest(NULL, Object(Config\Cache), false)
#4 C:\Users\11\Documents\GitHub\dropship\public\index.php(45): CodeIgniter\CodeIgniter->run()
#5 C:\Users\11\Documents\GitHub\dropship\system\Commands\Server\rewrite.php(34): require_once('C:\\Users\\11\\Doc...')
#6 {main}
INFO - 2021-05-27 12:05:01 --> Session: Class initialized using 'CodeIgniter\Session\Handlers\FileHandler' driver.
INFO - 2021-05-27 12:05:02 --> Session: Class initialized using 'CodeIgniter\Session\Handlers\FileHandler' driver.
INFO - 2021-05-27 12:05:06 --> Session: Class initialized using 'CodeIgniter\Session\Handlers\FileHandler' driver.
INFO - 2021-05-27 12:05:08 --> Session: Class initialized using 'CodeIgniter\Session\Handlers\FileHandler' driver.
INFO - 2021-05-27 12:05:57 --> Session: Class initialized using 'CodeIgniter\Session\Handlers\FileHandler' driver.
INFO - 2021-05-27 12:11:04 --> Session: Class initialized using 'CodeIgniter\Session\Handlers\FileHandler' driver.
INFO - 2021-05-27 12:11:25 --> Session: Class initialized using 'CodeIgniter\Session\Handlers\FileHandler' driver.
INFO - 2021-05-27 12:12:16 --> Session: Class initialized using 'CodeIgniter\Session\Handlers\FileHandler' driver.
INFO - 2021-05-27 12:25:21 --> Session: Class initialized using 'CodeIgniter\Session\Handlers\FileHandler' driver.
INFO - 2021-05-27 12:25:27 --> Session: Class initialized using 'CodeIgniter\Session\Handlers\FileHandler' driver.
INFO - 2021-05-27 12:26:19 --> Session: Class initialized using 'CodeIgniter\Session\Handlers\FileHandler' driver.
INFO - 2021-05-27 12:26:19 --> Session: Class initialized using 'CodeIgniter\Session\Handlers\FileHandler' driver.
INFO - 2021-05-27 12:26:26 --> Session: Class initialized using 'CodeIgniter\Session\Handlers\FileHandler' driver.
INFO - 2021-05-27 12:26:26 --> Session: Class initialized using 'CodeIgniter\Session\Handlers\FileHandler' driver.
INFO - 2021-05-27 12:34:14 --> Session: Class initialized using 'CodeIgniter\Session\Handlers\FileHandler' driver.
CRITICAL - 2021-05-27 12:34:14 --> Class 'App\Models\AdmсhangesBalance' not found
#0 /home/mkalister/Документы/php/dropship/app/Controllers/Admin/Users.php(21): App\Models\User->update_user()
#1 /home/mkalister/Документы/php/dropship/system/CodeIgniter.php(918): App\Controllers\Admin\Users->profile()
#2 /home/mkalister/Документы/php/dropship/system/CodeIgniter.php(404): CodeIgniter\CodeIgniter->runController()
#3 /home/mkalister/Документы/php/dropship/system/CodeIgniter.php(312): CodeIgniter\CodeIgniter->handleRequest()
#4 /home/mkalister/Документы/php/dropship/public/index.php(45): CodeIgniter\CodeIgniter->run()
#5 /home/mkalister/Документы/php/dropship/system/Commands/Server/rewrite.php(34): require_once('/home/mkalister...')
#6 {main}
INFO - 2021-05-27 12:34:48 --> Session: Class initialized using 'CodeIgniter\Session\Handlers\FileHandler' driver.
CRITICAL - 2021-05-27 12:34:49 --> Class 'App\Models\AdmсhangesBalance' not found
#0 /home/mkalister/Документы/php/dropship/app/Controllers/Admin/Users.php(21): App\Models\User->update_user()
#1 /home/mkalister/Документы/php/dropship/system/CodeIgniter.php(918): App\Controllers\Admin\Users->profile()
#2 /home/mkalister/Документы/php/dropship/system/CodeIgniter.php(404): CodeIgniter\CodeIgniter->runController()
#3 /home/mkalister/Документы/php/dropship/system/CodeIgniter.php(312): CodeIgniter\CodeIgniter->handleRequest()
#4 /home/mkalister/Документы/php/dropship/public/index.php(45): CodeIgniter\CodeIgniter->run()
#5 /home/mkalister/Документы/php/dropship/system/Commands/Server/rewrite.php(34): require_once('/home/mkalister...')
#6 {main}
INFO - 2021-05-27 12:35:05 --> Session: Class initialized using 'CodeIgniter\Session\Handlers\FileHandler' driver.
INFO - 2021-05-27 12:35:06 --> Session: Class initialized using 'CodeIgniter\Session\Handlers\FileHandler' driver.
INFO - 2021-05-27 12:39:24 --> Session: Class initialized using 'CodeIgniter\Session\Handlers\FileHandler' driver.
INFO - 2021-05-27 12:39:43 --> Session: Class initialized using 'CodeIgniter\Session\Handlers\FileHandler' driver.
INFO - 2021-05-27 12:40:24 --> Session: Class initialized using 'CodeIgniter\Session\Handlers\FileHandler' driver.
INFO - 2021-05-27 12:40:38 --> Session: Class initialized using 'CodeIgniter\Session\Handlers\FileHandler' driver.
INFO - 2021-05-27 12:40:51 --> Session: Class initialized using 'CodeIgniter\Session\Handlers\FileHandler' driver.
INFO - 2021-05-27 12:41:41 --> Session: Class initialized using 'CodeIgniter\Session\Handlers\FileHandler' driver.
INFO - 2021-05-27 12:42:20 --> Session: Class initialized using 'CodeIgniter\Session\Handlers\FileHandler' driver.
INFO - 2021-05-27 12:42:28 --> Session: Class initialized using 'CodeIgniter\Session\Handlers\FileHandler' driver.
INFO - 2021-05-27 12:44:11 --> Session: Class initialized using 'CodeIgniter\Session\Handlers\FileHandler' driver.
CRITICAL - 2021-05-27 12:44:11 --> Class 'App\Controllers\Admin\AdmChangesBalance' not found
#0 /home/mkalister/Документы/php/dropship/system/CodeIgniter.php(918): App\Controllers\Admin\Users->profile()
#1 /home/mkalister/Документы/php/dropship/system/CodeIgniter.php(404): CodeIgniter\CodeIgniter->runController()
#2 /home/mkalister/Документы/php/dropship/system/CodeIgniter.php(312): CodeIgniter\CodeIgniter->handleRequest()
#3 /home/mkalister/Документы/php/dropship/public/index.php(45): CodeIgniter\CodeIgniter->run()
#4 /home/mkalister/Документы/php/dropship/system/Commands/Server/rewrite.php(34): require_once('/home/mkalister...')
#5 {main}
INFO - 2021-05-27 12:46:11 --> Session: Class initialized using 'CodeIgniter\Session\Handlers\FileHandler' driver.
INFO - 2021-05-27 12:46:36 --> Session: Class initialized using 'CodeIgniter\Session\Handlers\FileHandler' driver.
INFO - 2021-05-27 12:48:46 --> Session: Class initialized using 'CodeIgniter\Session\Handlers\FileHandler' driver.
INFO - 2021-05-27 12:51:03 --> Session: Class initialized using 'CodeIgniter\Session\Handlers\FileHandler' driver.
INFO - 2021-05-27 12:51:23 --> Session: Class initialized using 'CodeIgniter\Session\Handlers\FileHandler' driver.
ERROR - 2021-05-27 12:58:55 --> mysqli_sql_exception: You have an error in your SQL syntax; check the manual that corresponds to your MySQL server version for the right syntax to use near 'id(7) NOT NULL,
	`created_on` datetime NOT NULL,
	CONSTRAINT `pk_replenishment` ' at line 5 in /home/mkalister/Документы/php/dropship/system/Database/MySQLi/Connection.php:331
Stack trace:
#0 /home/mkalister/Документы/php/dropship/system/Database/MySQLi/Connection.php(331): mysqli->query()
#1 /home/mkalister/Документы/php/dropship/system/Database/BaseConnection.php(741): CodeIgniter\Database\MySQLi\Connection->execute()
#2 /home/mkalister/Документы/php/dropship/system/Database/BaseConnection.php(669): CodeIgniter\Database\BaseConnection->simpleQuery()
#3 /home/mkalister/Документы/php/dropship/system/Database/Forge.php(535): CodeIgniter\Database\BaseConnection->query()
#4 /home/mkalister/Документы/php/dropship/app/Database/Migrations/2021-05-27-175348_replenishment.php(35): CodeIgniter\Database\Forge->createTable()
#5 /home/mkalister/Документы/php/dropship/system/Database/MigrationRunner.php(1060): App\Database\Migrations\Replenishment->up()
#6 /home/mkalister/Документы/php/dropship/system/Database/MigrationRunner.php(223): CodeIgniter\Database\MigrationRunner->migrate()
#7 /home/mkalister/Документы/php/dropship/system/Commands/Database/Migrate.php(128): CodeIgniter\Database\MigrationRunner->latest()
#8 /home/mkalister/Документы/php/dropship/system/CLI/Commands.php(100): CodeIgniter\Commands\Database\Migrate->run()
#9 /home/mkalister/Документы/php/dropship/system/CLI/CommandRunner.php(107): CodeIgniter\CLI\Commands->run()
#10 /home/mkalister/Документы/php/dropship/system/CLI/CommandRunner.php(85): CodeIgniter\CLI\CommandRunner->index()
#11 /home/mkalister/Документы/php/dropship/system/CodeIgniter.php(914): CodeIgniter\CLI\CommandRunner->_remap()
#12 /home/mkalister/Документы/php/dropship/system/CodeIgniter.php(404): CodeIgniter\CodeIgniter->runController()
#13 /home/mkalister/Документы/php/dropship/system/CodeIgniter.php(312): CodeIgniter\CodeIgniter->handleRequest()
#14 /home/mkalister/Документы/php/dropship/system/CLI/Console.php(86): CodeIgniter\CodeIgniter->run()
#15 /home/mkalister/Документы/php/dropship/spark(57): CodeIgniter\CLI\Console->run()
#16 {main}
INFO - 2021-05-27 14:03:14 --> Session: Class initialized using 'CodeIgniter\Session\Handlers\FileHandler' driver.
CRITICAL - 2021-05-27 14:03:14 --> Class 'App\Model\Replenishment' not found
#0 /home/mkalister/Документы/php/dropship/system/CodeIgniter.php(918): App\Controllers\Replenishment->handler()
#1 /home/mkalister/Документы/php/dropship/system/CodeIgniter.php(404): CodeIgniter\CodeIgniter->runController()
#2 /home/mkalister/Документы/php/dropship/system/CodeIgniter.php(312): CodeIgniter\CodeIgniter->handleRequest()
#3 /home/mkalister/Документы/php/dropship/public/index.php(45): CodeIgniter\CodeIgniter->run()
#4 /home/mkalister/Документы/php/dropship/system/Commands/Server/rewrite.php(34): require_once('/home/mkalister...')
#5 {main}
INFO - 2021-05-27 14:03:43 --> Session: Class initialized using 'CodeIgniter\Session\Handlers\FileHandler' driver.
ERROR - 2021-05-27 14:03:43 --> mysqli_sql_exception: Table 'drsh.replenishment' doesn't exist in /home/mkalister/Документы/php/dropship/system/Database/MySQLi/Connection.php:331
Stack trace:
#0 /home/mkalister/Документы/php/dropship/system/Database/MySQLi/Connection.php(331): mysqli->query()
#1 /home/mkalister/Документы/php/dropship/system/Database/BaseConnection.php(741): CodeIgniter\Database\MySQLi\Connection->execute()
#2 /home/mkalister/Документы/php/dropship/system/Database/BaseConnection.php(669): CodeIgniter\Database\BaseConnection->simpleQuery()
#3 /home/mkalister/Документы/php/dropship/system/Database/BaseBuilder.php(2249): CodeIgniter\Database\BaseConnection->query()
#4 /home/mkalister/Документы/php/dropship/system/Model.php(755): CodeIgniter\Database\BaseBuilder->insert()
#5 /home/mkalister/Документы/php/dropship/app/Controllers/Replenishment.php(12): CodeIgniter\Model->insert()
#6 /home/mkalister/Документы/php/dropship/system/CodeIgniter.php(918): App\Controllers\Replenishment->handler()
#7 /home/mkalister/Документы/php/dropship/system/CodeIgniter.php(404): CodeIgniter\CodeIgniter->runController()
#8 /home/mkalister/Документы/php/dropship/system/CodeIgniter.php(312): CodeIgniter\CodeIgniter->handleRequest()
#9 /home/mkalister/Документы/php/dropship/public/index.php(45): CodeIgniter\CodeIgniter->run()
#10 /home/mkalister/Документы/php/dropship/system/Commands/Server/rewrite.php(34): require_once('/home/mkalister...')
#11 {main}
INFO - 2021-05-27 14:06:35 --> Session: Class initialized using 'CodeIgniter\Session\Handlers\FileHandler' driver.
ERROR - 2021-05-27 14:11:20 --> mysqli_sql_exception: You have an error in your SQL syntax; check the manual that corresponds to your MySQL server version for the right syntax to use near 'id(7) NOT NULL,
	`created_on` datetime NOT NULL,
	CONSTRAINT `pk_replenishment` ' at line 5 in /home/mkalister/Документы/php/dropship/system/Database/MySQLi/Connection.php:331
Stack trace:
#0 /home/mkalister/Документы/php/dropship/system/Database/MySQLi/Connection.php(331): mysqli->query()
#1 /home/mkalister/Документы/php/dropship/system/Database/BaseConnection.php(741): CodeIgniter\Database\MySQLi\Connection->execute()
#2 /home/mkalister/Документы/php/dropship/system/Database/BaseConnection.php(669): CodeIgniter\Database\BaseConnection->simpleQuery()
#3 /home/mkalister/Документы/php/dropship/system/Database/Forge.php(535): CodeIgniter\Database\BaseConnection->query()
#4 /home/mkalister/Документы/php/dropship/app/Database/Migrations/2021-05-27-175348_replenishment.php(35): CodeIgniter\Database\Forge->createTable()
#5 /home/mkalister/Документы/php/dropship/system/Database/MigrationRunner.php(1060): App\Database\Migrations\Replenishment->up()
#6 /home/mkalister/Документы/php/dropship/system/Database/MigrationRunner.php(223): CodeIgniter\Database\MigrationRunner->migrate()
#7 /home/mkalister/Документы/php/dropship/system/Commands/Database/Migrate.php(128): CodeIgniter\Database\MigrationRunner->latest()
#8 /home/mkalister/Документы/php/dropship/system/CLI/Commands.php(100): CodeIgniter\Commands\Database\Migrate->run()
#9 /home/mkalister/Документы/php/dropship/system/CLI/CommandRunner.php(107): CodeIgniter\CLI\Commands->run()
#10 /home/mkalister/Документы/php/dropship/system/CLI/CommandRunner.php(85): CodeIgniter\CLI\CommandRunner->index()
#11 /home/mkalister/Документы/php/dropship/system/CodeIgniter.php(914): CodeIgniter\CLI\CommandRunner->_remap()
#12 /home/mkalister/Документы/php/dropship/system/CodeIgniter.php(404): CodeIgniter\CodeIgniter->runController()
#13 /home/mkalister/Документы/php/dropship/system/CodeIgniter.php(312): CodeIgniter\CodeIgniter->handleRequest()
#14 /home/mkalister/Документы/php/dropship/system/CLI/Console.php(86): CodeIgniter\CodeIgniter->run()
#15 /home/mkalister/Документы/php/dropship/spark(57): CodeIgniter\CLI\Console->run()
#16 {main}
INFO - 2021-05-27 14:15:43 --> Session: Class initialized using 'CodeIgniter\Session\Handlers\FileHandler' driver.
ERROR - 2021-05-27 14:15:43 --> mysqli_sql_exception: Column 'user_id' cannot be null in /home/mkalister/Документы/php/dropship/system/Database/MySQLi/Connection.php:331
Stack trace:
#0 /home/mkalister/Документы/php/dropship/system/Database/MySQLi/Connection.php(331): mysqli->query()
#1 /home/mkalister/Документы/php/dropship/system/Database/BaseConnection.php(741): CodeIgniter\Database\MySQLi\Connection->execute()
#2 /home/mkalister/Документы/php/dropship/system/Database/BaseConnection.php(669): CodeIgniter\Database\BaseConnection->simpleQuery()
#3 /home/mkalister/Документы/php/dropship/system/Database/BaseBuilder.php(2249): CodeIgniter\Database\BaseConnection->query()
#4 /home/mkalister/Документы/php/dropship/system/Model.php(755): CodeIgniter\Database\BaseBuilder->insert()
#5 /home/mkalister/Документы/php/dropship/app/Controllers/Replenishment.php(12): CodeIgniter\Model->insert()
#6 /home/mkalister/Документы/php/dropship/system/CodeIgniter.php(918): App\Controllers\Replenishment->handler()
#7 /home/mkalister/Документы/php/dropship/system/CodeIgniter.php(404): CodeIgniter\CodeIgniter->runController()
#8 /home/mkalister/Документы/php/dropship/system/CodeIgniter.php(312): CodeIgniter\CodeIgniter->handleRequest()
#9 /home/mkalister/Документы/php/dropship/public/index.php(45): CodeIgniter\CodeIgniter->run()
#10 /home/mkalister/Документы/php/dropship/system/Commands/Server/rewrite.php(34): require_once('/home/mkalister...')
#11 {main}
INFO - 2021-05-27 14:15:57 --> Session: Class initialized using 'CodeIgniter\Session\Handlers\FileHandler' driver.
INFO - 2021-05-27 14:17:18 --> Session: Class initialized using 'CodeIgniter\Session\Handlers\FileHandler' driver.
INFO - 2021-05-27 14:17:30 --> Session: Class initialized using 'CodeIgniter\Session\Handlers\FileHandler' driver.
INFO - 2021-05-27 14:17:30 --> Session: Class initialized using 'CodeIgniter\Session\Handlers\FileHandler' driver.
INFO - 2021-05-27 14:17:37 --> Session: Class initialized using 'CodeIgniter\Session\Handlers\FileHandler' driver.
INFO - 2021-05-27 14:17:44 --> Session: Class initialized using 'CodeIgniter\Session\Handlers\FileHandler' driver.
INFO - 2021-05-27 14:18:08 --> Session: Class initialized using 'CodeIgniter\Session\Handlers\FileHandler' driver.
INFO - 2021-05-27 14:18:34 --> Session: Class initialized using 'CodeIgniter\Session\Handlers\FileHandler' driver.
INFO - 2021-05-27 14:18:40 --> Session: Class initialized using 'CodeIgniter\Session\Handlers\FileHandler' driver.
INFO - 2021-05-27 14:19:15 --> Session: Class initialized using 'CodeIgniter\Session\Handlers\FileHandler' driver.
INFO - 2021-05-27 14:23:56 --> Session: Class initialized using 'CodeIgniter\Session\Handlers\FileHandler' driver.
INFO - 2021-05-27 14:24:22 --> Session: Class initialized using 'CodeIgniter\Session\Handlers\FileHandler' driver.
INFO - 2021-05-27 14:24:40 --> Session: Class initialized using 'CodeIgniter\Session\Handlers\FileHandler' driver.
INFO - 2021-05-27 14:25:02 --> Session: Class initialized using 'CodeIgniter\Session\Handlers\FileHandler' driver.
